2020-05-12 00:00:11.010  INFO 6280 --- [http-nio-8090-exec-1] o.a.c.c.C.[Tomcat].[localhost].[/]       : Initializing Spring DispatcherServlet 'dispatcherServlet'
2020-05-12 00:00:11.013  INFO 6280 --- [http-nio-8090-exec-1] o.s.web.servlet.DispatcherServlet        : Initializing Servlet 'dispatcherServlet'
2020-05-12 00:00:11.022  INFO 6280 --- [http-nio-8090-exec-1] o.s.web.servlet.DispatcherServlet        : Completed initialization in 8 ms
2020-05-12 00:00:56.683 ERROR 6280 --- [http-nio-8090-exec-9] c.i.x.controller.AuthorizeController     : callback error log,null
2020-05-12 00:01:36.452  INFO 15824 --- [restartedMain] cn.itycu.xianyan.XianyanApplication      : Starting XianyanApplication on DESKTOP-B21OC83 with PID 15824 (started by admin in I:\工作\MicroWorld\IdeaProjects\xianyan-master)
2020-05-12 00:01:36.462  INFO 15824 --- [restartedMain] cn.itycu.xianyan.XianyanApplication      : No active profile set, falling back to default profiles: default
2020-05-12 00:01:36.597  INFO 15824 --- [restartedMain] o.s.b.devtools.restart.ChangeableUrls    : The Class-Path manifest attribute in C:\Users\15402\.m2\repository\org\glassfish\jaxb\jaxb-runtime\2.3.2\jaxb-runtime-2.3.2.jar referenced one or more files that do not exist: file:/C:/Users/15402/.m2/repository/org/glassfish/jaxb/jaxb-runtime/2.3.2/jakarta.xml.bind-api-2.3.2.jar,file:/C:/Users/15402/.m2/repository/org/glassfish/jaxb/jaxb-runtime/2.3.2/txw2-2.3.2.jar,file:/C:/Users/15402/.m2/repository/org/glassfish/jaxb/jaxb-runtime/2.3.2/istack-commons-runtime-3.0.8.jar,file:/C:/Users/15402/.m2/repository/org/glassfish/jaxb/jaxb-runtime/2.3.2/stax-ex-1.8.1.jar,file:/C:/Users/15402/.m2/repository/org/glassfish/jaxb/jaxb-runtime/2.3.2/FastInfoset-1.2.16.jar,file:/C:/Users/15402/.m2/repository/org/glassfish/jaxb/jaxb-runtime/2.3.2/jakarta.activation-api-1.2.1.jar
2020-05-12 00:01:36.598  INFO 15824 --- [restartedMain] .e.DevToolsPropertyDefaultsPostProcessor : Devtools property defaults active! Set 'spring.devtools.add-properties' to 'false' to disable
2020-05-12 00:01:36.598  INFO 15824 --- [restartedMain] .e.DevToolsPropertyDefaultsPostProcessor : For additional web related logging consider setting the 'logging.level.web' property to 'DEBUG'
2020-05-12 00:01:37.885  INFO 15824 --- [restartedMain] .s.d.r.c.RepositoryConfigurationDelegate : Bootstrapping Spring Data JPA repositories in DEFAULT mode.
2020-05-12 00:01:37.942  INFO 15824 --- [restartedMain] .s.d.r.c.RepositoryConfigurationDelegate : Finished Spring Data repository scanning in 41ms. Found 0 JPA repository interfaces.
2020-05-12 00:01:38.606  INFO 15824 --- [restartedMain] trationDelegate$BeanPostProcessorChecker : Bean 'org.springframework.transaction.annotation.ProxyTransactionManagementConfiguration' of type [org.springframework.transaction.annotation.ProxyTransactionManagementConfiguration] is not eligible for getting processed by all BeanPostProcessors (for example: not eligible for auto-proxying)
2020-05-12 00:01:39.283  INFO 15824 --- [restartedMain] o.s.b.w.embedded.tomcat.TomcatWebServer  : Tomcat initialized with port(s): 8090 (http)
2020-05-12 00:01:39.315  INFO 15824 --- [restartedMain] o.apache.catalina.core.StandardService   : Starting service [Tomcat]
2020-05-12 00:01:39.316  INFO 15824 --- [restartedMain] org.apache.catalina.core.StandardEngine  : Starting Servlet engine: [Apache Tomcat/9.0.30]
2020-05-12 00:01:39.516  INFO 15824 --- [restartedMain] o.a.c.c.C.[Tomcat].[localhost].[/]       : Initializing Spring embedded WebApplicationContext
2020-05-12 00:01:39.517  INFO 15824 --- [restartedMain] o.s.web.context.ContextLoader            : Root WebApplicationContext: initialization completed in 2919 ms
2020-05-12 00:01:39.858  INFO 15824 --- [restartedMain] o.hibernate.jpa.internal.util.LogHelper  : HHH000204: Processing PersistenceUnitInfo [name: default]
2020-05-12 00:01:40.013  INFO 15824 --- [restartedMain] org.hibernate.Version                    : HHH000412: Hibernate Core {5.4.10.Final}
2020-05-12 00:01:40.299  INFO 15824 --- [restartedMain] o.hibernate.annotations.common.Version   : HCANN000001: Hibernate Commons Annotations {5.1.0.Final}
2020-05-12 00:01:40.513  INFO 15824 --- [restartedMain] com.zaxxer.hikari.HikariDataSource       : HikariPool-1 - Starting...
2020-05-12 00:01:40.776  INFO 15824 --- [restartedMain] com.zaxxer.hikari.HikariDataSource       : HikariPool-1 - Start completed.
2020-05-12 00:01:40.797  INFO 15824 --- [restartedMain] org.hibernate.dialect.Dialect            : HHH000400: Using dialect: org.hibernate.dialect.MySQLDialect
2020-05-12 00:01:41.279  INFO 15824 --- [restartedMain] o.h.e.t.j.p.i.JtaPlatformInitiator       : HHH000490: Using JtaPlatform implementation: [org.hibernate.engine.transaction.jta.platform.internal.NoJtaPlatform]
2020-05-12 00:01:41.294  INFO 15824 --- [restartedMain] j.LocalContainerEntityManagerFactoryBean : Initialized JPA EntityManagerFactory for persistence unit 'default'
2020-05-12 00:01:41.363  INFO 15824 --- [restartedMain] o.s.b.d.a.OptionalLiveReloadServer       : LiveReload server is running on port 35729
2020-05-12 00:01:42.188  WARN 15824 --- [restartedMain] JpaBaseConfiguration$JpaWebConfiguration : spring.jpa.open-in-view is enabled by default. Therefore, database queries may be performed during view rendering. Explicitly configure spring.jpa.open-in-view to disable this warning
2020-05-12 00:01:42.493  INFO 15824 --- [restartedMain] o.s.s.concurrent.ThreadPoolTaskExecutor  : Initializing ExecutorService 'applicationTaskExecutor'
2020-05-12 00:01:42.632  INFO 15824 --- [restartedMain] o.s.b.a.w.s.WelcomePageHandlerMapping    : Adding welcome page template: index
2020-05-12 00:01:43.043  INFO 15824 --- [restartedMain] o.s.b.w.embedded.tomcat.TomcatWebServer  : Tomcat started on port(s): 8090 (http) with context path ''
2020-05-12 00:01:43.049  INFO 15824 --- [restartedMain] cn.itycu.xianyan.XianyanApplication      : Started XianyanApplication in 7.464 seconds (JVM running for 10.588)
2020-05-12 00:02:01.853  INFO 15824 --- [http-nio-8090-exec-1] o.a.c.c.C.[Tomcat].[localhost].[/]       : Initializing Spring DispatcherServlet 'dispatcherServlet'
2020-05-12 00:02:01.854  INFO 15824 --- [http-nio-8090-exec-1] o.s.web.servlet.DispatcherServlet        : Initializing Servlet 'dispatcherServlet'
2020-05-12 00:02:01.866  INFO 15824 --- [http-nio-8090-exec-1] o.s.web.servlet.DispatcherServlet        : Completed initialization in 12 ms
2020-05-12 00:03:40.641  WARN 15824 --- [HikariPool-1 housekeeper] com.zaxxer.hikari.pool.HikariPool        : HikariPool-1 - Thread starvation or clock leap detected (housekeeper delta=53s825ms155µs400ns).
2020-05-12 00:26:25.766  INFO 15824 --- [SpringContextShutdownHook] o.s.s.concurrent.ThreadPoolTaskExecutor  : Shutting down ExecutorService 'applicationTaskExecutor'
2020-05-12 00:26:25.766  INFO 15824 --- [SpringContextShutdownHook] j.LocalContainerEntityManagerFactoryBean : Closing JPA EntityManagerFactory for persistence unit 'default'
2020-05-12 00:26:25.771  INFO 15824 --- [SpringContextShutdownHook] com.zaxxer.hikari.HikariDataSource       : HikariPool-1 - Shutdown initiated...
2020-05-12 00:26:25.775  INFO 15824 --- [SpringContextShutdownHook] com.zaxxer.hikari.HikariDataSource       : HikariPool-1 - Shutdown completed.
2020-05-12 14:27:21.817  INFO 14716 --- [restartedMain] cn.itycu.xianyan.XianyanApplication      : Starting XianyanApplication on DESKTOP-B21OC83 with PID 14716 (started by admin in I:\工作\MicroWorld\IdeaProjects\xianyan-master)
2020-05-12 14:27:21.824  INFO 14716 --- [restartedMain] cn.itycu.xianyan.XianyanApplication      : No active profile set, falling back to default profiles: default
2020-05-12 14:27:21.930  INFO 14716 --- [restartedMain] o.s.b.devtools.restart.ChangeableUrls    : The Class-Path manifest attribute in C:\Users\15402\.m2\repository\org\glassfish\jaxb\jaxb-runtime\2.3.2\jaxb-runtime-2.3.2.jar referenced one or more files that do not exist: file:/C:/Users/15402/.m2/repository/org/glassfish/jaxb/jaxb-runtime/2.3.2/jakarta.xml.bind-api-2.3.2.jar,file:/C:/Users/15402/.m2/repository/org/glassfish/jaxb/jaxb-runtime/2.3.2/txw2-2.3.2.jar,file:/C:/Users/15402/.m2/repository/org/glassfish/jaxb/jaxb-runtime/2.3.2/istack-commons-runtime-3.0.8.jar,file:/C:/Users/15402/.m2/repository/org/glassfish/jaxb/jaxb-runtime/2.3.2/stax-ex-1.8.1.jar,file:/C:/Users/15402/.m2/repository/org/glassfish/jaxb/jaxb-runtime/2.3.2/FastInfoset-1.2.16.jar,file:/C:/Users/15402/.m2/repository/org/glassfish/jaxb/jaxb-runtime/2.3.2/jakarta.activation-api-1.2.1.jar
2020-05-12 14:27:21.930  INFO 14716 --- [restartedMain] .e.DevToolsPropertyDefaultsPostProcessor : Devtools property defaults active! Set 'spring.devtools.add-properties' to 'false' to disable
2020-05-12 14:27:21.931  INFO 14716 --- [restartedMain] .e.DevToolsPropertyDefaultsPostProcessor : For additional web related logging consider setting the 'logging.level.web' property to 'DEBUG'
2020-05-12 14:27:23.216  INFO 14716 --- [restartedMain] .s.d.r.c.RepositoryConfigurationDelegate : Bootstrapping Spring Data JPA repositories in DEFAULT mode.
2020-05-12 14:27:23.268  INFO 14716 --- [restartedMain] .s.d.r.c.RepositoryConfigurationDelegate : Finished Spring Data repository scanning in 37ms. Found 0 JPA repository interfaces.
2020-05-12 14:27:23.774  INFO 14716 --- [restartedMain] trationDelegate$BeanPostProcessorChecker : Bean 'org.springframework.transaction.annotation.ProxyTransactionManagementConfiguration' of type [org.springframework.transaction.annotation.ProxyTransactionManagementConfiguration] is not eligible for getting processed by all BeanPostProcessors (for example: not eligible for auto-proxying)
2020-05-12 14:27:24.517  INFO 14716 --- [restartedMain] o.s.b.w.embedded.tomcat.TomcatWebServer  : Tomcat initialized with port(s): 8090 (http)
2020-05-12 14:27:24.538  INFO 14716 --- [restartedMain] o.apache.catalina.core.StandardService   : Starting service [Tomcat]
2020-05-12 14:27:24.539  INFO 14716 --- [restartedMain] org.apache.catalina.core.StandardEngine  : Starting Servlet engine: [Apache Tomcat/9.0.30]
2020-05-12 14:27:24.751  INFO 14716 --- [restartedMain] o.a.c.c.C.[Tomcat].[localhost].[/]       : Initializing Spring embedded WebApplicationContext
2020-05-12 14:27:24.751  INFO 14716 --- [restartedMain] o.s.web.context.ContextLoader            : Root WebApplicationContext: initialization completed in 2820 ms
2020-05-12 14:27:25.091  INFO 14716 --- [restartedMain] o.hibernate.jpa.internal.util.LogHelper  : HHH000204: Processing PersistenceUnitInfo [name: default]
2020-05-12 14:27:25.256  INFO 14716 --- [restartedMain] org.hibernate.Version                    : HHH000412: Hibernate Core {5.4.10.Final}
2020-05-12 14:27:25.527  INFO 14716 --- [restartedMain] o.hibernate.annotations.common.Version   : HCANN000001: Hibernate Commons Annotations {5.1.0.Final}
2020-05-12 14:27:25.707  INFO 14716 --- [restartedMain] com.zaxxer.hikari.HikariDataSource       : HikariPool-1 - Starting...
2020-05-12 14:27:25.937  INFO 14716 --- [restartedMain] com.zaxxer.hikari.HikariDataSource       : HikariPool-1 - Start completed.
2020-05-12 14:27:25.958  INFO 14716 --- [restartedMain] org.hibernate.dialect.Dialect            : HHH000400: Using dialect: org.hibernate.dialect.MySQLDialect
2020-05-12 14:27:26.335  INFO 14716 --- [restartedMain] o.h.e.t.j.p.i.JtaPlatformInitiator       : HHH000490: Using JtaPlatform implementation: [org.hibernate.engine.transaction.jta.platform.internal.NoJtaPlatform]
2020-05-12 14:27:26.347  INFO 14716 --- [restartedMain] j.LocalContainerEntityManagerFactoryBean : Initialized JPA EntityManagerFactory for persistence unit 'default'
2020-05-12 14:27:26.396  INFO 14716 --- [restartedMain] o.s.b.d.a.OptionalLiveReloadServer       : LiveReload server is running on port 35729
2020-05-12 14:27:27.201  WARN 14716 --- [restartedMain] JpaBaseConfiguration$JpaWebConfiguration : spring.jpa.open-in-view is enabled by default. Therefore, database queries may be performed during view rendering. Explicitly configure spring.jpa.open-in-view to disable this warning
2020-05-12 14:27:27.416  INFO 14716 --- [restartedMain] o.s.s.concurrent.ThreadPoolTaskExecutor  : Initializing ExecutorService 'applicationTaskExecutor'
2020-05-12 14:27:27.519  INFO 14716 --- [restartedMain] o.s.b.a.w.s.WelcomePageHandlerMapping    : Adding welcome page template: index
2020-05-12 14:27:27.902  INFO 14716 --- [restartedMain] o.s.b.w.embedded.tomcat.TomcatWebServer  : Tomcat started on port(s): 8090 (http) with context path ''
2020-05-12 14:27:27.907  INFO 14716 --- [restartedMain] cn.itycu.xianyan.XianyanApplication      : Started XianyanApplication in 6.889 seconds (JVM running for 9.698)
2020-05-12 14:27:32.231  INFO 14716 --- [http-nio-8090-exec-1] o.a.c.c.C.[Tomcat].[localhost].[/]       : Initializing Spring DispatcherServlet 'dispatcherServlet'
2020-05-12 14:27:32.231  INFO 14716 --- [http-nio-8090-exec-1] o.s.web.servlet.DispatcherServlet        : Initializing Servlet 'dispatcherServlet'
2020-05-12 14:27:32.239  INFO 14716 --- [http-nio-8090-exec-1] o.s.web.servlet.DispatcherServlet        : Completed initialization in 8 ms
2020-05-12 14:28:32.843 ERROR 14716 --- [http-nio-8090-exec-1] c.i.x.controller.AuthorizeController     : callback error log,null
2020-05-12 14:28:39.793 ERROR 14716 --- [http-nio-8090-exec-5] c.i.x.controller.AuthorizeController     : callback error log,null
2020-05-12 14:29:33.642  INFO 2628 --- [restartedMain] cn.itycu.xianyan.XianyanApplication      : Starting XianyanApplication on DESKTOP-B21OC83 with PID 2628 (started by admin in I:\工作\MicroWorld\IdeaProjects\xianyan-master)
2020-05-12 14:29:33.649  INFO 2628 --- [restartedMain] cn.itycu.xianyan.XianyanApplication      : No active profile set, falling back to default profiles: default
2020-05-12 14:29:33.824  INFO 2628 --- [restartedMain] o.s.b.devtools.restart.ChangeableUrls    : The Class-Path manifest attribute in C:\Users\15402\.m2\repository\org\glassfish\jaxb\jaxb-runtime\2.3.2\jaxb-runtime-2.3.2.jar referenced one or more files that do not exist: file:/C:/Users/15402/.m2/repository/org/glassfish/jaxb/jaxb-runtime/2.3.2/jakarta.xml.bind-api-2.3.2.jar,file:/C:/Users/15402/.m2/repository/org/glassfish/jaxb/jaxb-runtime/2.3.2/txw2-2.3.2.jar,file:/C:/Users/15402/.m2/repository/org/glassfish/jaxb/jaxb-runtime/2.3.2/istack-commons-runtime-3.0.8.jar,file:/C:/Users/15402/.m2/repository/org/glassfish/jaxb/jaxb-runtime/2.3.2/stax-ex-1.8.1.jar,file:/C:/Users/15402/.m2/repository/org/glassfish/jaxb/jaxb-runtime/2.3.2/FastInfoset-1.2.16.jar,file:/C:/Users/15402/.m2/repository/org/glassfish/jaxb/jaxb-runtime/2.3.2/jakarta.activation-api-1.2.1.jar
2020-05-12 14:29:33.825  INFO 2628 --- [restartedMain] .e.DevToolsPropertyDefaultsPostProcessor : Devtools property defaults active! Set 'spring.devtools.add-properties' to 'false' to disable
2020-05-12 14:29:33.825  INFO 2628 --- [restartedMain] .e.DevToolsPropertyDefaultsPostProcessor : For additional web related logging consider setting the 'logging.level.web' property to 'DEBUG'
2020-05-12 14:29:35.452  INFO 2628 --- [restartedMain] .s.d.r.c.RepositoryConfigurationDelegate : Bootstrapping Spring Data JPA repositories in DEFAULT mode.
2020-05-12 14:29:35.519  INFO 2628 --- [restartedMain] .s.d.r.c.RepositoryConfigurationDelegate : Finished Spring Data repository scanning in 47ms. Found 0 JPA repository interfaces.
2020-05-12 14:29:36.469  INFO 2628 --- [restartedMain] trationDelegate$BeanPostProcessorChecker : Bean 'org.springframework.transaction.annotation.ProxyTransactionManagementConfiguration' of type [org.springframework.transaction.annotation.ProxyTransactionManagementConfiguration] is not eligible for getting processed by all BeanPostProcessors (for example: not eligible for auto-proxying)
2020-05-12 14:29:37.272  INFO 2628 --- [restartedMain] o.s.b.w.embedded.tomcat.TomcatWebServer  : Tomcat initialized with port(s): 8090 (http)
2020-05-12 14:29:37.289  INFO 2628 --- [restartedMain] o.apache.catalina.core.StandardService   : Starting service [Tomcat]
2020-05-12 14:29:37.290  INFO 2628 --- [restartedMain] org.apache.catalina.core.StandardEngine  : Starting Servlet engine: [Apache Tomcat/9.0.30]
2020-05-12 14:29:37.555  INFO 2628 --- [restartedMain] o.a.c.c.C.[Tomcat].[localhost].[/]       : Initializing Spring embedded WebApplicationContext
2020-05-12 14:29:37.556  INFO 2628 --- [restartedMain] o.s.web.context.ContextLoader            : Root WebApplicationContext: initialization completed in 3730 ms
2020-05-12 14:29:37.980  INFO 2628 --- [restartedMain] o.hibernate.jpa.internal.util.LogHelper  : HHH000204: Processing PersistenceUnitInfo [name: default]
2020-05-12 14:29:38.171  INFO 2628 --- [restartedMain] org.hibernate.Version                    : HHH000412: Hibernate Core {5.4.10.Final}
2020-05-12 14:29:38.522  INFO 2628 --- [restartedMain] o.hibernate.annotations.common.Version   : HCANN000001: Hibernate Commons Annotations {5.1.0.Final}
2020-05-12 14:29:38.815  INFO 2628 --- [restartedMain] com.zaxxer.hikari.HikariDataSource       : HikariPool-1 - Starting...
2020-05-12 14:29:39.125  INFO 2628 --- [restartedMain] com.zaxxer.hikari.HikariDataSource       : HikariPool-1 - Start completed.
2020-05-12 14:29:39.154  INFO 2628 --- [restartedMain] org.hibernate.dialect.Dialect            : HHH000400: Using dialect: org.hibernate.dialect.MySQLDialect
2020-05-12 14:29:39.751  INFO 2628 --- [restartedMain] o.h.e.t.j.p.i.JtaPlatformInitiator       : HHH000490: Using JtaPlatform implementation: [org.hibernate.engine.transaction.jta.platform.internal.NoJtaPlatform]
2020-05-12 14:29:39.766  INFO 2628 --- [restartedMain] j.LocalContainerEntityManagerFactoryBean : Initialized JPA EntityManagerFactory for persistence unit 'default'
2020-05-12 14:29:39.826  INFO 2628 --- [restartedMain] o.s.b.d.a.OptionalLiveReloadServer       : LiveReload server is running on port 35729
2020-05-12 14:29:40.887  WARN 2628 --- [restartedMain] JpaBaseConfiguration$JpaWebConfiguration : spring.jpa.open-in-view is enabled by default. Therefore, database queries may be performed during view rendering. Explicitly configure spring.jpa.open-in-view to disable this warning
2020-05-12 14:29:41.138  INFO 2628 --- [restartedMain] o.s.s.concurrent.ThreadPoolTaskExecutor  : Initializing ExecutorService 'applicationTaskExecutor'
2020-05-12 14:29:41.280  INFO 2628 --- [restartedMain] o.s.b.a.w.s.WelcomePageHandlerMapping    : Adding welcome page template: index
2020-05-12 14:29:41.674  INFO 2628 --- [restartedMain] o.s.b.w.embedded.tomcat.TomcatWebServer  : Tomcat started on port(s): 8090 (http) with context path ''
2020-05-12 14:29:41.679  INFO 2628 --- [restartedMain] cn.itycu.xianyan.XianyanApplication      : Started XianyanApplication in 9.038 seconds (JVM running for 13.184)
2020-05-12 21:02:53.441  INFO 2628 --- [http-nio-8090-exec-3] o.a.c.c.C.[Tomcat].[localhost].[/]       : Initializing Spring DispatcherServlet 'dispatcherServlet'
2020-05-12 21:02:53.441  INFO 2628 --- [http-nio-8090-exec-3] o.s.web.servlet.DispatcherServlet        : Initializing Servlet 'dispatcherServlet'
2020-05-12 21:02:53.458  INFO 2628 --- [http-nio-8090-exec-3] o.s.web.servlet.DispatcherServlet        : Completed initialization in 17 ms
2020-05-12 22:15:51.241  WARN 2628 --- [http-nio-8090-exec-3] .m.m.a.ExceptionHandlerExceptionResolver : Resolved [org.springframework.dao.DataIntegrityViolationException: 
### Error updating database.  Cause: com.mysql.jdbc.exceptions.jdbc4.MySQLIntegrityConstraintViolationException: Column 'stick' cannot be null
### The error may exist in file [I:\工作\MicroWorld\IdeaProjects\xianyan-master\target\classes\mapper\QuestionMapper.xml]
### The error may involve cn.itycu.xianyan.mapper.QuestionMapper.insert-Inline
### The error occurred while setting parameters
### SQL: insert into question (id, title, description,        creator, comment_count, view_count,        like_count, stick, tag,        gmt_create, gmt_modified)     values (?, ?, ?,        ?, ?, ?,        ?, ?, ?,        ?, ?)
### Cause: com.mysql.jdbc.exceptions.jdbc4.MySQLIntegrityConstraintViolationException: Column 'stick' cannot be null
; Column 'stick' cannot be null; nested exception is com.mysql.jdbc.exceptions.jdbc4.MySQLIntegrityConstraintViolationException: Column 'stick' cannot be null]
2020-05-12 22:17:45.663  WARN 2628 --- [http-nio-8090-exec-6] .m.m.a.ExceptionHandlerExceptionResolver : Resolved [org.springframework.dao.DataIntegrityViolationException: 
### Error updating database.  Cause: com.mysql.jdbc.exceptions.jdbc4.MySQLIntegrityConstraintViolationException: Column 'stick' cannot be null
### The error may exist in file [I:\工作\MicroWorld\IdeaProjects\xianyan-master\target\classes\mapper\QuestionMapper.xml]
### The error may involve cn.itycu.xianyan.mapper.QuestionMapper.insert-Inline
### The error occurred while setting parameters
### SQL: insert into question (id, title, description,        creator, comment_count, view_count,        like_count, stick, tag,        gmt_create, gmt_modified)     values (?, ?, ?,        ?, ?, ?,        ?, ?, ?,        ?, ?)
### Cause: com.mysql.jdbc.exceptions.jdbc4.MySQLIntegrityConstraintViolationException: Column 'stick' cannot be null
; Column 'stick' cannot be null; nested exception is com.mysql.jdbc.exceptions.jdbc4.MySQLIntegrityConstraintViolationException: Column 'stick' cannot be null]
2020-05-12 22:18:25.276  WARN 2628 --- [http-nio-8090-exec-4] .m.m.a.ExceptionHandlerExceptionResolver : Resolved [org.springframework.dao.DataIntegrityViolationException: 
### Error updating database.  Cause: com.mysql.jdbc.exceptions.jdbc4.MySQLIntegrityConstraintViolationException: Column 'stick' cannot be null
### The error may exist in file [I:\工作\MicroWorld\IdeaProjects\xianyan-master\target\classes\mapper\QuestionMapper.xml]
### The error may involve cn.itycu.xianyan.mapper.QuestionMapper.insert-Inline
### The error occurred while setting parameters
### SQL: insert into question (id, title, description,        creator, comment_count, view_count,        like_count, stick, tag,        gmt_create, gmt_modified)     values (?, ?, ?,        ?, ?, ?,        ?, ?, ?,        ?, ?)
### Cause: com.mysql.jdbc.exceptions.jdbc4.MySQLIntegrityConstraintViolationException: Column 'stick' cannot be null
; Column 'stick' cannot be null; nested exception is com.mysql.jdbc.exceptions.jdbc4.MySQLIntegrityConstraintViolationException: Column 'stick' cannot be null]
2020-05-12 22:22:47.104  WARN 2628 --- [HikariPool-1 housekeeper] com.zaxxer.hikari.pool.HikariPool        : HikariPool-1 - Thread starvation or clock leap detected (housekeeper delta=47s691ms443µs500ns).
2020-05-12 22:24:34.244  WARN 2628 --- [HikariPool-1 housekeeper] com.zaxxer.hikari.pool.HikariPool        : HikariPool-1 - Thread starvation or clock leap detected (housekeeper delta=1m55s543ms480µs500ns).
2020-05-12 22:26:24.928  WARN 2628 --- [HikariPool-1 housekeeper] com.zaxxer.hikari.pool.HikariPool        : HikariPool-1 - Thread starvation or clock leap detected (housekeeper delta=1m50s683ms83µs700ns).
2020-05-12 22:26:36.733  WARN 2628 --- [http-nio-8090-exec-6] .m.m.a.ExceptionHandlerExceptionResolver : Resolved [org.springframework.dao.DataIntegrityViolationException: 
### Error updating database.  Cause: com.mysql.jdbc.exceptions.jdbc4.MySQLIntegrityConstraintViolationException: Column 'stick' cannot be null
### The error may exist in file [I:\工作\MicroWorld\IdeaProjects\xianyan-master\target\classes\mapper\QuestionMapper.xml]
### The error may involve cn.itycu.xianyan.mapper.QuestionMapper.insert-Inline
### The error occurred while setting parameters
### SQL: insert into question (id, title, description,        creator, comment_count, view_count,        like_count, stick, tag,        gmt_create, gmt_modified)     values (?, ?, ?,        ?, ?, ?,        ?, ?, ?,        ?, ?)
### Cause: com.mysql.jdbc.exceptions.jdbc4.MySQLIntegrityConstraintViolationException: Column 'stick' cannot be null
; Column 'stick' cannot be null; nested exception is com.mysql.jdbc.exceptions.jdbc4.MySQLIntegrityConstraintViolationException: Column 'stick' cannot be null]
2020-05-12 22:28:30.274  WARN 2628 --- [HikariPool-1 housekeeper] com.zaxxer.hikari.pool.HikariPool        : HikariPool-1 - Thread starvation or clock leap detected (housekeeper delta=2m5s346ms168µs899ns).
2020-05-12 22:28:40.448  WARN 2628 --- [http-nio-8090-exec-2] .m.m.a.ExceptionHandlerExceptionResolver : Resolved [org.springframework.dao.DataIntegrityViolationException: 
### Error updating database.  Cause: com.mysql.jdbc.exceptions.jdbc4.MySQLIntegrityConstraintViolationException: Column 'stick' cannot be null
### The error may exist in file [I:\工作\MicroWorld\IdeaProjects\xianyan-master\target\classes\mapper\QuestionMapper.xml]
### The error may involve cn.itycu.xianyan.mapper.QuestionMapper.insert-Inline
### The error occurred while setting parameters
### SQL: insert into question (id, title, description,        creator, comment_count, view_count,        like_count, stick, tag,        gmt_create, gmt_modified)     values (?, ?, ?,        ?, ?, ?,        ?, ?, ?,        ?, ?)
### Cause: com.mysql.jdbc.exceptions.jdbc4.MySQLIntegrityConstraintViolationException: Column 'stick' cannot be null
; Column 'stick' cannot be null; nested exception is com.mysql.jdbc.exceptions.jdbc4.MySQLIntegrityConstraintViolationException: Column 'stick' cannot be null]
2020-05-12 22:28:46.361  INFO 2628 --- [SpringContextShutdownHook] o.s.s.concurrent.ThreadPoolTaskExecutor  : Shutting down ExecutorService 'applicationTaskExecutor'
2020-05-12 22:28:46.362  INFO 2628 --- [SpringContextShutdownHook] j.LocalContainerEntityManagerFactoryBean : Closing JPA EntityManagerFactory for persistence unit 'default'
2020-05-12 22:28:46.402  INFO 2628 --- [SpringContextShutdownHook] com.zaxxer.hikari.HikariDataSource       : HikariPool-1 - Shutdown initiated...
2020-05-12 22:28:46.410  INFO 2628 --- [SpringContextShutdownHook] com.zaxxer.hikari.HikariDataSource       : HikariPool-1 - Shutdown completed.
2020-05-12 22:28:55.072  INFO 7016 --- [restartedMain] cn.itycu.xianyan.XianyanApplication      : Starting XianyanApplication on DESKTOP-B21OC83 with PID 7016 (started by admin in I:\工作\MicroWorld\IdeaProjects\xianyan-master)
2020-05-12 22:28:55.080  INFO 7016 --- [restartedMain] cn.itycu.xianyan.XianyanApplication      : No active profile set, falling back to default profiles: default
2020-05-12 22:28:55.247  INFO 7016 --- [restartedMain] o.s.b.devtools.restart.ChangeableUrls    : The Class-Path manifest attribute in C:\Users\15402\.m2\repository\org\glassfish\jaxb\jaxb-runtime\2.3.2\jaxb-runtime-2.3.2.jar referenced one or more files that do not exist: file:/C:/Users/15402/.m2/repository/org/glassfish/jaxb/jaxb-runtime/2.3.2/jakarta.xml.bind-api-2.3.2.jar,file:/C:/Users/15402/.m2/repository/org/glassfish/jaxb/jaxb-runtime/2.3.2/txw2-2.3.2.jar,file:/C:/Users/15402/.m2/repository/org/glassfish/jaxb/jaxb-runtime/2.3.2/istack-commons-runtime-3.0.8.jar,file:/C:/Users/15402/.m2/repository/org/glassfish/jaxb/jaxb-runtime/2.3.2/stax-ex-1.8.1.jar,file:/C:/Users/15402/.m2/repository/org/glassfish/jaxb/jaxb-runtime/2.3.2/FastInfoset-1.2.16.jar,file:/C:/Users/15402/.m2/repository/org/glassfish/jaxb/jaxb-runtime/2.3.2/jakarta.activation-api-1.2.1.jar
2020-05-12 22:28:55.247  INFO 7016 --- [restartedMain] .e.DevToolsPropertyDefaultsPostProcessor : Devtools property defaults active! Set 'spring.devtools.add-properties' to 'false' to disable
2020-05-12 22:28:55.248  INFO 7016 --- [restartedMain] .e.DevToolsPropertyDefaultsPostProcessor : For additional web related logging consider setting the 'logging.level.web' property to 'DEBUG'
2020-05-12 22:28:56.547  INFO 7016 --- [restartedMain] .s.d.r.c.RepositoryConfigurationDelegate : Bootstrapping Spring Data JPA repositories in DEFAULT mode.
2020-05-12 22:28:56.602  INFO 7016 --- [restartedMain] .s.d.r.c.RepositoryConfigurationDelegate : Finished Spring Data repository scanning in 39ms. Found 0 JPA repository interfaces.
2020-05-12 22:28:57.230  INFO 7016 --- [restartedMain] trationDelegate$BeanPostProcessorChecker : Bean 'org.springframework.transaction.annotation.ProxyTransactionManagementConfiguration' of type [org.springframework.transaction.annotation.ProxyTransactionManagementConfiguration] is not eligible for getting processed by all BeanPostProcessors (for example: not eligible for auto-proxying)
2020-05-12 22:28:57.874  INFO 7016 --- [restartedMain] o.s.b.w.embedded.tomcat.TomcatWebServer  : Tomcat initialized with port(s): 8090 (http)
2020-05-12 22:28:57.896  INFO 7016 --- [restartedMain] o.apache.catalina.core.StandardService   : Starting service [Tomcat]
2020-05-12 22:28:57.897  INFO 7016 --- [restartedMain] org.apache.catalina.core.StandardEngine  : Starting Servlet engine: [Apache Tomcat/9.0.30]
2020-05-12 22:28:58.046  INFO 7016 --- [restartedMain] o.a.c.c.C.[Tomcat].[localhost].[/]       : Initializing Spring embedded WebApplicationContext
2020-05-12 22:28:58.046  INFO 7016 --- [restartedMain] o.s.web.context.ContextLoader            : Root WebApplicationContext: initialization completed in 2798 ms
2020-05-12 22:28:58.235  INFO 7016 --- [restartedMain] o.hibernate.jpa.internal.util.LogHelper  : HHH000204: Processing PersistenceUnitInfo [name: default]
2020-05-12 22:28:58.327  INFO 7016 --- [restartedMain] org.hibernate.Version                    : HHH000412: Hibernate Core {5.4.10.Final}
2020-05-12 22:28:58.477  INFO 7016 --- [restartedMain] o.hibernate.annotations.common.Version   : HCANN000001: Hibernate Commons Annotations {5.1.0.Final}
2020-05-12 22:28:58.595  INFO 7016 --- [restartedMain] com.zaxxer.hikari.HikariDataSource       : HikariPool-1 - Starting...
2020-05-12 22:28:58.727  INFO 7016 --- [restartedMain] com.zaxxer.hikari.HikariDataSource       : HikariPool-1 - Start completed.
2020-05-12 22:28:58.747  INFO 7016 --- [restartedMain] org.hibernate.dialect.Dialect            : HHH000400: Using dialect: org.hibernate.dialect.MySQLDialect
2020-05-12 22:28:59.002  INFO 7016 --- [restartedMain] o.h.e.t.j.p.i.JtaPlatformInitiator       : HHH000490: Using JtaPlatform implementation: [org.hibernate.engine.transaction.jta.platform.internal.NoJtaPlatform]
2020-05-12 22:28:59.010  INFO 7016 --- [restartedMain] j.LocalContainerEntityManagerFactoryBean : Initialized JPA EntityManagerFactory for persistence unit 'default'
2020-05-12 22:28:59.040  INFO 7016 --- [restartedMain] o.s.b.d.a.OptionalLiveReloadServer       : LiveReload server is running on port 35729
2020-05-12 22:28:59.487  WARN 7016 --- [restartedMain] JpaBaseConfiguration$JpaWebConfiguration : spring.jpa.open-in-view is enabled by default. Therefore, database queries may be performed during view rendering. Explicitly configure spring.jpa.open-in-view to disable this warning
2020-05-12 22:28:59.684  INFO 7016 --- [restartedMain] o.s.s.concurrent.ThreadPoolTaskExecutor  : Initializing ExecutorService 'applicationTaskExecutor'
2020-05-12 22:28:59.820  INFO 7016 --- [restartedMain] o.s.b.a.w.s.WelcomePageHandlerMapping    : Adding welcome page template: index
2020-05-12 22:29:00.203  INFO 7016 --- [restartedMain] o.s.b.w.embedded.tomcat.TomcatWebServer  : Tomcat started on port(s): 8090 (http) with context path ''
2020-05-12 22:29:00.208  INFO 7016 --- [restartedMain] cn.itycu.xianyan.XianyanApplication      : Started XianyanApplication in 6.025 seconds (JVM running for 7.901)
2020-05-12 22:29:08.286  INFO 7016 --- [http-nio-8090-exec-1] o.a.c.c.C.[Tomcat].[localhost].[/]       : Initializing Spring DispatcherServlet 'dispatcherServlet'
2020-05-12 22:29:08.286  INFO 7016 --- [http-nio-8090-exec-1] o.s.web.servlet.DispatcherServlet        : Initializing Servlet 'dispatcherServlet'
2020-05-12 22:29:08.291  INFO 7016 --- [http-nio-8090-exec-1] o.s.web.servlet.DispatcherServlet        : Completed initialization in 5 ms
2020-05-12 22:55:05.766 ERROR 7016 --- [http-nio-8090-exec-6] c.i.x.controller.AuthorizeController     : callback error log,null
2020-05-12 23:20:12.457  INFO 7016 --- [SpringContextShutdownHook] o.s.s.concurrent.ThreadPoolTaskExecutor  : Shutting down ExecutorService 'applicationTaskExecutor'
2020-05-12 23:20:12.458  INFO 7016 --- [SpringContextShutdownHook] j.LocalContainerEntityManagerFactoryBean : Closing JPA EntityManagerFactory for persistence unit 'default'
2020-05-12 23:20:12.485  INFO 7016 --- [SpringContextShutdownHook] com.zaxxer.hikari.HikariDataSource       : HikariPool-1 - Shutdown initiated...
2020-05-12 23:20:12.489  INFO 7016 --- [SpringContextShutdownHook] com.zaxxer.hikari.HikariDataSource       : HikariPool-1 - Shutdown completed.
